# JRE version: OpenJDK Runtime Environment Temurin-17.0.7+7 (17.0.7+7) (build 17.0.7+7)
# Java VM: OpenJDK 64-Bit Server VM Temurin-17.0.7+7 (17.0.7+7, mixed mode, emulated-client, tiered, compressed oops, compressed class ptrs, g1 gc, windows-amd64)
GC Precious Log:
 CPUs: 12 total, 12 available
 Memory: 5996M
 Large Page Support: Disabled
 NUMA Support: Disabled
 Compressed Oops: Enabled (32-bit)
 Heap Region Size: 1M
 Heap Min Capacity: 8M
 Heap Initial Capacity: 94M
 Heap Max Capacity: 1G
 Pre-touch: Disabled
 Parallel Workers: 10
 Concurrent Workers: 3
 Concurrent Refinement Workers: 10
 Periodic GC: Disabled
Heap:
 garbage-first heap   total 133120K, used 38839K [0x00000000c0000000, 0x0000000100000000)
  region size 1024K, 1 young (1024K), 0 survivors (0K)
 Metaspace       used 70866K, committed 71424K, reserved 1114112K
  class space    used 9709K, committed 9984K, reserved 1048576K
GC Heap History (20 events):
Event: 5739.020 GC heap before
{Heap before GC invocations=516 (full 458):
 garbage-first heap   total 133120K, used 38839K [0x00000000c0000000, 0x0000000100000000)
  region size 1024K, 1 young (1024K), 0 survivors (0K)
 Metaspace       used 70866K, committed 71424K, reserved 1114112K
  class space    used 9709K, committed 9984K, reserved 1048576K
}
Event: 5739.066 GC heap after
{Heap after GC invocations=517 (full 459):
 garbage-first heap   total 133120K, used 38839K [0x00000000c0000000, 0x0000000100000000)
  region size 1024K, 0 young (0K), 0 survivors (0K)
 Metaspace       used 70866K, committed 71424K, reserved 1114112K
  class space    used 9709K, committed 9984K, reserved 1048576K
}
Event: 5749.202 GC heap before
{Heap before GC invocations=517 (full 459):
 garbage-first heap   total 133120K, used 38839K [0x00000000c0000000, 0x0000000100000000)
  region size 1024K, 1 young (1024K), 0 survivors (0K)
 Metaspace       used 70866K, committed 71424K, reserved 1114112K
  class space    used 9709K, committed 9984K, reserved 1048576K
}
Event: 5749.241 GC heap after
{Heap after GC invocations=518 (full 460):
 garbage-first heap   total 133120K, used 38839K [0x00000000c0000000, 0x0000000100000000)
  region size 1024K, 0 young (0K), 0 survivors (0K)
 Metaspace       used 70866K, committed 71424K, reserved 1114112K
  class space    used 9709K, committed 9984K, reserved 1048576K
}
Event: 5759.381 GC heap before
{Heap before GC invocations=518 (full 460):
 garbage-first heap   total 133120K, used 38839K [0x00000000c0000000, 0x0000000100000000)
  region size 1024K, 1 young (1024K), 0 survivors (0K)
 Metaspace       used 70866K, committed 71424K, reserved 1114112K
  class space    used 9709K, committed 9984K, reserved 1048576K
}
Event: 5759.419 GC heap after
{Heap after GC invocations=519 (full 461):
 garbage-first heap   total 133120K, used 38839K [0x00000000c0000000, 0x0000000100000000)
  region size 1024K, 0 young (0K), 0 survivors (0K)
 Metaspace       used 70866K, committed 71424K, reserved 1114112K
  class space    used 9709K, committed 9984K, reserved 1048576K
}
Event: 5769.585 GC heap before
{Heap before GC invocations=519 (full 461):
 garbage-first heap   total 133120K, used 38839K [0x00000000c0000000, 0x0000000100000000)
  region size 1024K, 1 young (1024K), 0 survivors (0K)
 Metaspace       used 70866K, committed 71424K, reserved 1114112K
  class space    used 9709K, committed 9984K, reserved 1048576K
}
Event: 5769.630 GC heap after
{Heap after GC invocations=520 (full 462):
 garbage-first heap   total 133120K, used 38839K [0x00000000c0000000, 0x0000000100000000)
  region size 1024K, 0 young (0K), 0 survivors (0K)
 Metaspace       used 70866K, committed 71424K, reserved 1114112K
  class space    used 9709K, committed 9984K, reserved 1048576K
}
Event: 5779.766 GC heap before
{Heap before GC invocations=520 (full 462):
 garbage-first heap   total 133120K, used 38839K [0x00000000c0000000, 0x0000000100000000)
  region size 1024K, 1 young (1024K), 0 survivors (0K)
 Metaspace       used 70866K, committed 71424K, reserved 1114112K
  class space    used 9709K, committed 9984K, reserved 1048576K
}
Event: 5779.809 GC heap after
{Heap after GC invocations=521 (full 463):
 garbage-first heap   total 133120K, used 38839K [0x00000000c0000000, 0x0000000100000000)
  region size 1024K, 0 young (0K), 0 survivors (0K)
 Metaspace       used 70866K, committed 71424K, reserved 1114112K
  class space    used 9709K, committed 9984K, reserved 1048576K
}
Event: 5789.937 GC heap before
{Heap before GC invocations=521 (full 463):
 garbage-first heap   total 133120K, used 38839K [0x00000000c0000000, 0x0000000100000000)
  region size 1024K, 1 young (1024K), 0 survivors (0K)
 Metaspace       used 70866K, committed 71424K, reserved 1114112K
  class space    used 9709K, committed 9984K, reserved 1048576K
}
Event: 5789.979 GC heap after
{Heap after GC invocations=522 (full 464):
 garbage-first heap   total 133120K, used 38839K [0x00000000c0000000, 0x0000000100000000)
  region size 1024K, 0 young (0K), 0 survivors (0K)
 Metaspace       used 70866K, committed 71424K, reserved 1114112K
  class space    used 9709K, committed 9984K, reserved 1048576K
}
Event: 5800.109 GC heap before
{Heap before GC invocations=522 (full 464):
 garbage-first heap   total 133120K, used 38839K [0x00000000c0000000, 0x0000000100000000)
  region size 1024K, 1 young (1024K), 0 survivors (0K)
 Metaspace       used 70866K, committed 71424K, reserved 1114112K
  class space    used 9709K, committed 9984K, reserved 1048576K
}
Event: 5800.152 GC heap after
{Heap after GC invocations=523 (full 465):
 garbage-first heap   total 133120K, used 38839K [0x00000000c0000000, 0x0000000100000000)
  region size 1024K, 0 young (0K), 0 survivors (0K)
 Metaspace       used 70866K, committed 71424K, reserved 1114112K
  class space    used 9709K, committed 9984K, reserved 1048576K
}
Event: 5810.284 GC heap before
{Heap before GC invocations=523 (full 465):
 garbage-first heap   total 133120K, used 38839K [0x00000000c0000000, 0x0000000100000000)
  region size 1024K, 1 young (1024K), 0 survivors (0K)
 Metaspace       used 70866K, committed 71424K, reserved 1114112K
  class space    used 9709K, committed 9984K, reserved 1048576K
}
Event: 5810.323 GC heap after
{Heap after GC invocations=524 (full 466):
 garbage-first heap   total 133120K, used 38839K [0x00000000c0000000, 0x0000000100000000)
  region size 1024K, 0 young (0K), 0 survivors (0K)
 Metaspace       used 70866K, committed 71424K, reserved 1114112K
  class space    used 9709K, committed 9984K, reserved 1048576K
}
Event: 5820.509 GC heap before
{Heap before GC invocations=524 (full 466):
 garbage-first heap   total 133120K, used 38839K [0x00000000c0000000, 0x0000000100000000)
  region size 1024K, 1 young (1024K), 0 survivors (0K)
 Metaspace       used 70866K, committed 71424K, reserved 1114112K
  class space    used 9709K, committed 9984K, reserved 1048576K
}
Event: 5820.552 GC heap after
{Heap after GC invocations=525 (full 467):
 garbage-first heap   total 133120K, used 38839K [0x00000000c0000000, 0x0000000100000000)
  region size 1024K, 0 young (0K), 0 survivors (0K)
 Metaspace       used 70866K, committed 71424K, reserved 1114112K
  class space    used 9709K, committed 9984K, reserved 1048576K
}
Event: 5830.692 GC heap before
{Heap before GC invocations=525 (full 467):
 garbage-first heap   total 133120K, used 38839K [0x00000000c0000000, 0x0000000100000000)
  region size 1024K, 1 young (1024K), 0 survivors (0K)
 Metaspace       used 70866K, committed 71424K, reserved 1114112K
  class space    used 9709K, committed 9984K, reserved 1048576K
}
Event: 5830.740 GC heap after
{Heap after GC invocations=526 (full 468):
 garbage-first heap   total 133120K, used 38839K [0x00000000c0000000, 0x0000000100000000)
  region size 1024K, 0 young (0K), 0 survivors (0K)
 Metaspace       used 70866K, committed 71424K, reserved 1114112K
  class space    used 9709K, committed 9984K, reserved 1048576K
}

